# JRE version: OpenJDK Runtime Environment (8.0_152) (build 1.8.0_152-release-1343-b16-5323222)
# Java VM: OpenJDK 64-Bit Server VM (25.152-b16-5323222 mixed mode linux-amd64 compressed oops)
Heap:
 PSYoungGen      total 221184K, used 221160K [0x00000000e0000000, 0x00000000f0200000, 0x0000000100000000)
  eden space 198656K, 100% used [0x00000000e0000000,0x00000000ec200000,0x00000000ec200000)
  from space 22528K, 99% used [0x00000000edb80000,0x00000000ef17a030,0x00000000ef180000)
  to   space 26112K, 45% used [0x00000000ec200000,0x00000000ecda6348,0x00000000edb80000)
 ParOldGen       total 137216K, used 36269K [0x00000000a0000000, 0x00000000a8600000, 0x00000000e0000000)
  object space 137216K, 26% used [0x00000000a0000000,0x00000000a236b438,0x00000000a8600000)
 Metaspace       used 75652K, capacity 78478K, committed 78616K, reserved 1118208K
  class space    used 9877K, capacity 10470K, committed 10544K, reserved 1048576K
GC Heap History (10 events):
Event: 53.445 GC heap after
Heap after GC invocations=11 (full 2):
 PSYoungGen      total 173568K, used 13812K [0x00000000e0000000, 0x00000000eca80000, 0x0000000100000000)
  eden space 159744K, 0% used [0x00000000e0000000,0x00000000e0000000,0x00000000e9c00000)
  from space 13824K, 99% used [0x00000000e9c00000,0x00000000ea97d028,0x00000000ea980000)
  to   space 18944K, 0% used [0x00000000eb800000,0x00000000eb800000,0x00000000eca80000)
 ParOldGen       total 91648K, used 24634K [0x00000000a0000000, 0x00000000a5980000, 0x00000000e0000000)
  object space 91648K, 26% used [0x00000000a0000000,0x00000000a180ebc8,0x00000000a5980000)
 Metaspace       used 54439K, capacity 55698K, committed 55984K, reserved 1097728K
  class space    used 7222K, capacity 7522K, committed 7600K, reserved 1048576K
}
Event: 55.945 GC heap before
{Heap before GC invocations=12 (full 2):
 PSYoungGen      total 173568K, used 127478K [0x00000000e0000000, 0x00000000eca80000, 0x0000000100000000)
  eden space 159744K, 71% used [0x00000000e0000000,0x00000000e6f00a98,0x00000000e9c00000)
  from space 13824K, 99% used [0x00000000e9c00000,0x00000000ea97d028,0x00000000ea980000)
  to   space 18944K, 0% used [0x00000000eb800000,0x00000000eb800000,0x00000000eca80000)
 ParOldGen       total 91648K, used 24634K [0x00000000a0000000, 0x00000000a5980000, 0x00000000e0000000)
  object space 91648K, 26% used [0x00000000a0000000,0x00000000a180ebc8,0x00000000a5980000)
 Metaspace       used 57576K, capacity 59116K, committed 59160K, reserved 1099776K
  class space    used 7573K, capacity 7955K, committed 7984K, reserved 1048576K
Event: 55.970 GC heap after
Heap after GC invocations=12 (full 2):
 PSYoungGen      total 185344K, used 18929K [0x00000000e0000000, 0x00000000eeb00000, 0x0000000100000000)
  eden space 166400K, 0% used [0x00000000e0000000,0x00000000e0000000,0x00000000ea280000)
  from space 18944K, 99% used [0x00000000eb800000,0x00000000eca7c458,0x00000000eca80000)
  to   space 22016K, 0% used [0x00000000ea280000,0x00000000ea280000,0x00000000eb800000)
 ParOldGen       total 91648K, used 25553K [0x00000000a0000000, 0x00000000a5980000, 0x00000000e0000000)
  object space 91648K, 27% used [0x00000000a0000000,0x00000000a18f4630,0x00000000a5980000)
 Metaspace       used 57576K, capacity 59116K, committed 59160K, reserved 1099776K
  class space    used 7573K, capacity 7955K, committed 7984K, reserved 1048576K
}
Event: 55.970 GC heap before
{Heap before GC invocations=13 (full 3):
 PSYoungGen      total 185344K, used 18929K [0x00000000e0000000, 0x00000000eeb00000, 0x0000000100000000)
  eden space 166400K, 0% used [0x00000000e0000000,0x00000000e0000000,0x00000000ea280000)
  from space 18944K, 99% used [0x00000000eb800000,0x00000000eca7c458,0x00000000eca80000)
  to   space 22016K, 0% used [0x00000000ea280000,0x00000000ea280000,0x00000000eb800000)
 ParOldGen       total 91648K, used 25553K [0x00000000a0000000, 0x00000000a5980000, 0x00000000e0000000)
  object space 91648K, 27% used [0x00000000a0000000,0x00000000a18f4630,0x00000000a5980000)
 Metaspace       used 57576K, capacity 59116K, committed 59160K, reserved 1099776K
  class space    used 7573K, capacity 7955K, committed 7984K, reserved 1048576K
Event: 56.297 GC heap after
Heap after GC invocations=13 (full 3):
 PSYoungGen      total 185344K, used 0K [0x00000000e0000000, 0x00000000eeb00000, 0x0000000100000000)
  eden space 166400K, 0% used [0x00000000e0000000,0x00000000e0000000,0x00000000ea280000)
  from space 18944K, 0% used [0x00000000eb800000,0x00000000eb800000,0x00000000eca80000)
  to   space 22016K, 0% used [0x00000000ea280000,0x00000000ea280000,0x00000000eb800000)
 ParOldGen       total 137216K, used 34332K [0x00000000a0000000, 0x00000000a8600000, 0x00000000e0000000)
  object space 137216K, 25% used [0x00000000a0000000,0x00000000a2187230,0x00000000a8600000)
 Metaspace       used 57576K, capacity 59116K, committed 59160K, reserved 1099776K
  class space    used 7573K, capacity 7955K, committed 7984K, reserved 1048576K
}
Event: 66.419 GC heap before
{Heap before GC invocations=14 (full 3):
 PSYoungGen      total 185344K, used 166400K [0x00000000e0000000, 0x00000000eeb00000, 0x0000000100000000)
  eden space 166400K, 100% used [0x00000000e0000000,0x00000000ea280000,0x00000000ea280000)
  from space 18944K, 0% used [0x00000000eb800000,0x00000000eb800000,0x00000000eca80000)
  to   space 22016K, 0% used [0x00000000ea280000,0x00000000ea280000,0x00000000eb800000)
 ParOldGen       total 137216K, used 34332K [0x00000000a0000000, 0x00000000a8600000, 0x00000000e0000000)
  object space 137216K, 25% used [0x00000000a0000000,0x00000000a2187230,0x00000000a8600000)
 Metaspace       used 66604K, capacity 68600K, committed 68888K, reserved 1107968K
  class space    used 8937K, capacity 9406K, committed 9520K, reserved 1048576K
Event: 66.454 GC heap after
Heap after GC invocations=14 (full 3):
 PSYoungGen      total 188416K, used 15736K [0x00000000e0000000, 0x00000000ef180000, 0x0000000100000000)
  eden space 166400K, 0% used [0x00000000e0000000,0x00000000e0000000,0x00000000ea280000)
  from space 22016K, 71% used [0x00000000ea280000,0x00000000eb1de248,0x00000000eb800000)
  to   space 22528K, 0% used [0x00000000edb80000,0x00000000edb80000,0x00000000ef180000)
 ParOldGen       total 137216K, used 34340K [0x00000000a0000000, 0x00000000a8600000, 0x00000000e0000000)
  object space 137216K, 25% used [0x00000000a0000000,0x00000000a2189230,0x00000000a8600000)
 Metaspace       used 66604K, capacity 68600K, committed 68888K, reserved 1107968K
  class space    used 8937K, capacity 9406K, committed 9520K, reserved 1048576K
}
Event: 72.484 GC heap before
{Heap before GC invocations=15 (full 3):
 PSYoungGen      total 188416K, used 182136K [0x00000000e0000000, 0x00000000ef180000, 0x0000000100000000)
  eden space 166400K, 100% used [0x00000000e0000000,0x00000000ea280000,0x00000000ea280000)
  from space 22016K, 71% used [0x00000000ea280000,0x00000000eb1de248,0x00000000eb800000)
  to   space 22528K, 0% used [0x00000000edb80000,0x00000000edb80000,0x00000000ef180000)
 ParOldGen       total 137216K, used 34340K [0x00000000a0000000, 0x00000000a8600000, 0x00000000e0000000)
  object space 137216K, 25% used [0x00000000a0000000,0x00000000a2189230,0x00000000a8600000)
 Metaspace       used 68540K, capacity 70674K, committed 70936K, reserved 1110016K
  class space    used 9182K, capacity 9688K, committed 9776K, reserved 1048576K
Event: 72.584 GC heap after
Heap after GC invocations=15 (full 3):
 PSYoungGen      total 221184K, used 22504K [0x00000000e0000000, 0x00000000f0200000, 0x0000000100000000)
  eden space 198656K, 0% used [0x00000000e0000000,0x00000000e0000000,0x00000000ec200000)
  from space 22528K, 99% used [0x00000000edb80000,0x00000000ef17a030,0x00000000ef180000)
  to   space 26112K, 0% used [0x00000000ec200000,0x00000000ec200000,0x00000000edb80000)
 ParOldGen       total 137216K, used 36269K [0x00000000a0000000, 0x00000000a8600000, 0x00000000e0000000)
  object space 137216K, 26% used [0x00000000a0000000,0x00000000a236b438,0x00000000a8600000)
 Metaspace       used 68540K, capacity 70674K, committed 70936K, reserved 1110016K
  class space    used 9182K, capacity 9688K, committed 9776K, reserved 1048576K
}
Event: 90.848 GC heap before
{Heap before GC invocations=16 (full 3):
 PSYoungGen      total 221184K, used 221160K [0x00000000e0000000, 0x00000000f0200000, 0x0000000100000000)
  eden space 198656K, 100% used [0x00000000e0000000,0x00000000ec200000,0x00000000ec200000)
  from space 22528K, 99% used [0x00000000edb80000,0x00000000ef17a030,0x00000000ef180000)
  to   space 26112K, 0% used [0x00000000ec200000,0x00000000ec200000,0x00000000edb80000)
 ParOldGen       total 137216K, used 36269K [0x00000000a0000000, 0x00000000a8600000, 0x00000000e0000000)
  object space 137216K, 26% used [0x00000000a0000000,0x00000000a236b438,0x00000000a8600000)
 Metaspace       used 75652K, capacity 78478K, committed 78616K, reserved 1118208K
  class space    used 9877K, capacity 10470K, committed 10544K, reserved 1048576K

